<!DOCTYPE html PUBLIC "-//W3C//DTD XHTML 1.1//EN" "http://www.w3.org/TR/xhtml11/DTD/xhtml11.dtd">
<!-- Page generated by OCaml with Ocsigen.
See http://www.ocsigen.org and http://caml.inria.fr for information -->

<html>
  <head>
    <style type="text/css">
.eliom_inline {display: inline}
.eliom_nodisplay {display: none}
</style>
    <title>Web submission of darcs patches</title>
  </head>
  <body>
    <h1>Web submission of darcs patches
    </h1>
    <div>
      <div>
        <h2>Repository ocsigen.dev
        </h2>
        <div>
          <div>Patch application was successful!
          </div>
          <div>Darcs output:
            <pre>Finished applying...
</pre>
          </div>
        </div>
      </div>
      <div>
        <h2>Repository ocsigen.current
        </h2>
        <div>
          <div>Patch application failed with return code 1!
          </div>
          <div>Darcs output:
            <pre>darcs: Cannot apply this patch bundle, since we're missing:
Sat Dec 20 18:40:37 CET 2008  balat at pps.jussieu.fr
  * Revproxy and Redirectmod: uniformizing the syntax
</pre>
          </div>
        </div>
      </div>
    </div>
  </body>
</html>